<?xml version="1.0" encoding="UTF-8"?>
<!-- Generated by org.testng.reporters.JUnitReportReporter -->
<testsuite skipped="0" hostname="DESKTOP-G03DU49" name="package1.AssertStmt$AssertStmts" tests="2" failures="0" timestamp="17 Nov 2018 15:47:31 GMT" time="0.029" errors="0">
  <testcase name="positiveDigit" time="0.014" classname="package1.AssertStmt$AssertStmts"/>
  <testcase name="failConsciously" time="0.015" classname="package1.AssertStmt$AssertStmts"/>
</testsuite> <!-- package1.AssertStmt$AssertStmts -->
